<?xml version="1.0" encoding="UTF-8"?>
<coverage generated="1664888853140" clover="3.2.0">
  <project timestamp="1664888853141" name="All files">
    <metrics statements="92" coveredstatements="84" conditionals="29" coveredconditionals="20" methods="36" coveredmethods="31" elements="157" coveredelements="135" complexity="0" loc="92" ncloc="92" packages="21" files="29" classes="29"/>
    <package name="src">
      <metrics statements="3" coveredstatements="3" conditionals="0" coveredconditionals="0" methods="1" coveredmethods="1"/>
      <file name="App.tsx" path="C:\Users\sngomez\OneDrive\Pruebas_Tecnicas\openbank-test\src\App.tsx">
        <metrics statements="3" coveredstatements="3" conditionals="0" coveredconditionals="0" methods="1" coveredmethods="1"/>
        <line num="19" count="1" type="stmt"/>
        <line num="21" count="1" type="stmt"/>
        <line num="22" count="2" type="stmt"/>
      </file>
    </package>
    <package name="src.components">
      <metrics statements="0" coveredstatements="0" conditionals="0" coveredconditionals="0" methods="0" coveredmethods="0"/>
      <file name="index.js" path="C:\Users\sngomez\OneDrive\Pruebas_Tecnicas\openbank-test\src\components\index.js">
        <metrics statements="0" coveredstatements="0" conditionals="0" coveredconditionals="0" methods="0" coveredmethods="0"/>
      </file>
    </package>
    <package name="src.components.common">
      <metrics statements="0" coveredstatements="0" conditionals="0" coveredconditionals="0" methods="0" coveredmethods="0"/>
      <file name="index.js" path="C:\Users\sngomez\OneDrive\Pruebas_Tecnicas\openbank-test\src\components\common\index.js">
        <metrics statements="0" coveredstatements="0" conditionals="0" coveredconditionals="0" methods="0" coveredmethods="0"/>
      </file>
    </package>
    <package name="src.components.common.Layout">
      <metrics statements="2" coveredstatements="2" conditionals="0" coveredconditionals="0" methods="1" coveredmethods="1"/>
      <file name="Layout.tsx" path="C:\Users\sngomez\OneDrive\Pruebas_Tecnicas\openbank-test\src\components\common\Layout\Layout.tsx">
        <metrics statements="2" coveredstatements="2" conditionals="0" coveredconditionals="0" methods="1" coveredmethods="1"/>
        <line num="8" count="2" type="stmt"/>
        <line num="9" count="4" type="stmt"/>
      </file>
      <file name="index.js" path="C:\Users\sngomez\OneDrive\Pruebas_Tecnicas\openbank-test\src\components\common\Layout\index.js">
        <metrics statements="0" coveredstatements="0" conditionals="0" coveredconditionals="0" methods="0" coveredmethods="0"/>
      </file>
    </package>
    <package name="src.components.common.buttonBox">
      <metrics statements="3" coveredstatements="3" conditionals="0" coveredconditionals="0" methods="1" coveredmethods="1"/>
      <file name="ButtonBox.tsx" path="C:\Users\sngomez\OneDrive\Pruebas_Tecnicas\openbank-test\src\components\common\buttonBox\ButtonBox.tsx">
        <metrics statements="3" coveredstatements="3" conditionals="0" coveredconditionals="0" methods="1" coveredmethods="1"/>
        <line num="18" count="4" type="stmt"/>
        <line num="19" count="18" type="stmt"/>
        <line num="21" count="18" type="stmt"/>
      </file>
      <file name="index.js" path="C:\Users\sngomez\OneDrive\Pruebas_Tecnicas\openbank-test\src\components\common\buttonBox\index.js">
        <metrics statements="0" coveredstatements="0" conditionals="0" coveredconditionals="0" methods="0" coveredmethods="0"/>
      </file>
    </package>
    <package name="src.components.passwordManager">
      <metrics statements="0" coveredstatements="0" conditionals="0" coveredconditionals="0" methods="0" coveredmethods="0"/>
      <file name="index.js" path="C:\Users\sngomez\OneDrive\Pruebas_Tecnicas\openbank-test\src\components\passwordManager\index.js">
        <metrics statements="0" coveredstatements="0" conditionals="0" coveredconditionals="0" methods="0" coveredmethods="0"/>
      </file>
    </package>
    <package name="src.components.passwordManager.Header">
      <metrics statements="3" coveredstatements="3" conditionals="0" coveredconditionals="0" methods="2" coveredmethods="2"/>
      <file name="Header.tsx" path="C:\Users\sngomez\OneDrive\Pruebas_Tecnicas\openbank-test\src\components\passwordManager\Header\Header.tsx">
        <metrics statements="3" coveredstatements="3" conditionals="0" coveredconditionals="0" methods="2" coveredmethods="2"/>
        <line num="12" count="2" type="stmt"/>
        <line num="13" count="5" type="stmt"/>
        <line num="15" count="5" type="stmt"/>
      </file>
      <file name="index.ts" path="C:\Users\sngomez\OneDrive\Pruebas_Tecnicas\openbank-test\src\components\passwordManager\Header\index.ts">
        <metrics statements="0" coveredstatements="0" conditionals="0" coveredconditionals="0" methods="0" coveredmethods="0"/>
      </file>
    </package>
    <package name="src.components.passwordManager.helpers">
      <metrics statements="5" coveredstatements="5" conditionals="4" coveredconditionals="4" methods="4" coveredmethods="4"/>
      <file name="formValidators.js" path="C:\Users\sngomez\OneDrive\Pruebas_Tecnicas\openbank-test\src\components\passwordManager\helpers\formValidators.js">
        <metrics statements="5" coveredstatements="5" conditionals="4" coveredconditionals="4" methods="4" coveredmethods="4"/>
        <line num="1" count="15" type="stmt"/>
        <line num="17" count="14" type="stmt"/>
        <line num="19" count="4" type="cond" truecount="2" falsecount="0"/>
        <line num="20" count="2" type="cond" truecount="2" falsecount="0"/>
        <line num="25" count="15" type="stmt"/>
      </file>
      <file name="index.js" path="C:\Users\sngomez\OneDrive\Pruebas_Tecnicas\openbank-test\src\components\passwordManager\helpers\index.js">
        <metrics statements="0" coveredstatements="0" conditionals="0" coveredconditionals="0" methods="0" coveredmethods="0"/>
      </file>
    </package>
    <package name="src.components.passwordManager.hooks">
      <metrics statements="8" coveredstatements="6" conditionals="7" coveredconditionals="0" methods="4" coveredmethods="2"/>
      <file name="useSubmitPasswordMutation.tsx" path="C:\Users\sngomez\OneDrive\Pruebas_Tecnicas\openbank-test\src\components\passwordManager\hooks\useSubmitPasswordMutation.tsx">
        <metrics statements="8" coveredstatements="6" conditionals="7" coveredconditionals="0" methods="4" coveredmethods="2"/>
        <line num="8" count="4" type="stmt"/>
        <line num="9" count="17" type="stmt"/>
        <line num="10" count="17" type="stmt"/>
        <line num="12" count="17" type="stmt"/>
        <line num="13" count="1" type="stmt"/>
        <line num="15" count="0" type="cond" truecount="0" falsecount="3"/>
        <line num="20" count="0" type="cond" truecount="0" falsecount="4"/>
        <line num="27" count="17" type="stmt"/>
      </file>
    </package>
    <package name="src.components.passwordManager.steps">
      <metrics statements="0" coveredstatements="0" conditionals="0" coveredconditionals="0" methods="0" coveredmethods="0"/>
      <file name="index.js" path="C:\Users\sngomez\OneDrive\Pruebas_Tecnicas\openbank-test\src\components\passwordManager\steps\index.js">
        <metrics statements="0" coveredstatements="0" conditionals="0" coveredconditionals="0" methods="0" coveredmethods="0"/>
      </file>
    </package>
    <package name="src.components.passwordManager.steps.step1">
      <metrics statements="5" coveredstatements="5" conditionals="0" coveredconditionals="0" methods="2" coveredmethods="2"/>
      <file name="TermsAndConditionsCheckbox.tsx" path="C:\Users\sngomez\OneDrive\Pruebas_Tecnicas\openbank-test\src\components\passwordManager\steps\step1\TermsAndConditionsCheckbox.tsx">
        <metrics statements="5" coveredstatements="5" conditionals="0" coveredconditionals="0" methods="2" coveredmethods="2"/>
        <line num="19" count="3" type="stmt"/>
        <line num="21" count="16" type="stmt"/>
        <line num="22" count="16" type="stmt"/>
        <line num="24" count="16" type="stmt"/>
        <line num="33" count="4" type="stmt"/>
      </file>
      <file name="index.ts" path="C:\Users\sngomez\OneDrive\Pruebas_Tecnicas\openbank-test\src\components\passwordManager\steps\step1\index.ts">
        <metrics statements="0" coveredstatements="0" conditionals="0" coveredconditionals="0" methods="0" coveredmethods="0"/>
      </file>
    </package>
    <package name="src.components.passwordManager.steps.step2">
      <metrics statements="14" coveredstatements="9" conditionals="6" coveredconditionals="6" methods="3" coveredmethods="1"/>
      <file name="Form.tsx" path="C:\Users\sngomez\OneDrive\Pruebas_Tecnicas\openbank-test\src\components\passwordManager\steps\step2\Form.tsx">
        <metrics statements="14" coveredstatements="9" conditionals="6" coveredconditionals="6" methods="3" coveredmethods="1"/>
        <line num="38" count="3" type="stmt"/>
        <line num="39" count="14" type="stmt"/>
        <line num="40" count="14" type="stmt"/>
        <line num="41" count="14" type="stmt"/>
        <line num="48" count="14" type="stmt"/>
        <line num="50" count="14" type="stmt"/>
        <line num="52" count="14" type="stmt"/>
        <line num="54" count="0" type="stmt"/>
        <line num="55" count="0" type="stmt"/>
        <line num="60" count="14" type="stmt"/>
        <line num="61" count="0" type="stmt"/>
        <line num="62" count="0" type="stmt"/>
        <line num="63" count="0" type="stmt"/>
        <line num="66" count="14" type="stmt"/>
      </file>
      <file name="index.ts" path="C:\Users\sngomez\OneDrive\Pruebas_Tecnicas\openbank-test\src\components\passwordManager\steps\step2\index.ts">
        <metrics statements="0" coveredstatements="0" conditionals="0" coveredconditionals="0" methods="0" coveredmethods="0"/>
      </file>
    </package>
    <package name="src.components.passwordManager.steps.step3">
      <metrics statements="9" coveredstatements="9" conditionals="8" coveredconditionals="8" methods="2" coveredmethods="2"/>
      <file name="CardContainer.tsx" path="C:\Users\sngomez\OneDrive\Pruebas_Tecnicas\openbank-test\src\components\passwordManager\steps\step3\CardContainer.tsx">
        <metrics statements="9" coveredstatements="9" conditionals="8" coveredconditionals="8" methods="2" coveredmethods="2"/>
        <line num="24" count="3" type="stmt"/>
        <line num="25" count="9" type="stmt"/>
        <line num="26" count="9" type="stmt"/>
        <line num="27" count="9" type="stmt"/>
        <line num="29" count="9" type="stmt"/>
        <line num="30" count="1" type="stmt"/>
        <line num="31" count="1" type="stmt"/>
        <line num="32" count="1" type="stmt"/>
        <line num="35" count="9" type="stmt"/>
      </file>
      <file name="index.ts" path="C:\Users\sngomez\OneDrive\Pruebas_Tecnicas\openbank-test\src\components\passwordManager\steps\step3\index.ts">
        <metrics statements="0" coveredstatements="0" conditionals="0" coveredconditionals="0" methods="0" coveredmethods="0"/>
      </file>
    </package>
    <package name="src.redux.features">
      <metrics statements="11" coveredstatements="10" conditionals="0" coveredconditionals="0" methods="6" coveredmethods="5"/>
      <file name="passwordManagerSlice.ts" path="C:\Users\sngomez\OneDrive\Pruebas_Tecnicas\openbank-test\src\redux\features\passwordManagerSlice.ts">
        <metrics statements="11" coveredstatements="10" conditionals="0" coveredconditionals="0" methods="6" coveredmethods="5"/>
        <line num="12" count="13" type="stmt"/>
        <line num="21" count="13" type="stmt"/>
        <line num="26" count="2" type="stmt"/>
        <line num="29" count="1" type="stmt"/>
        <line num="32" count="3" type="stmt"/>
        <line num="35" count="1" type="stmt"/>
        <line num="36" count="1" type="stmt"/>
        <line num="39" count="1" type="stmt"/>
        <line num="40" count="1" type="stmt"/>
        <line num="43" count="0" type="stmt"/>
        <line num="55" count="13" type="stmt"/>
      </file>
    </package>
    <package name="src.views">
      <metrics statements="0" coveredstatements="0" conditionals="0" coveredconditionals="0" methods="0" coveredmethods="0"/>
      <file name="index.ts" path="C:\Users\sngomez\OneDrive\Pruebas_Tecnicas\openbank-test\src\views\index.ts">
        <metrics statements="0" coveredstatements="0" conditionals="0" coveredconditionals="0" methods="0" coveredmethods="0"/>
      </file>
    </package>
    <package name="src.views.errors">
      <metrics statements="0" coveredstatements="0" conditionals="0" coveredconditionals="0" methods="0" coveredmethods="0"/>
      <file name="index.ts" path="C:\Users\sngomez\OneDrive\Pruebas_Tecnicas\openbank-test\src\views\errors\index.ts">
        <metrics statements="0" coveredstatements="0" conditionals="0" coveredconditionals="0" methods="0" coveredmethods="0"/>
      </file>
    </package>
    <package name="src.views.errors.Error404">
      <metrics statements="8" coveredstatements="8" conditionals="0" coveredconditionals="0" methods="2" coveredmethods="2"/>
      <file name="Error404.tsx" path="C:\Users\sngomez\OneDrive\Pruebas_Tecnicas\openbank-test\src\views\errors\Error404\Error404.tsx">
        <metrics statements="8" coveredstatements="8" conditionals="0" coveredconditionals="0" methods="2" coveredmethods="2"/>
        <line num="16" count="2" type="stmt"/>
        <line num="17" count="5" type="stmt"/>
        <line num="18" count="5" type="stmt"/>
        <line num="19" count="5" type="stmt"/>
        <line num="20" count="5" type="stmt"/>
        <line num="21" count="1" type="stmt"/>
        <line num="22" count="1" type="stmt"/>
        <line num="24" count="5" type="stmt"/>
      </file>
    </package>
    <package name="src.views.passwordManager">
      <metrics statements="2" coveredstatements="2" conditionals="0" coveredconditionals="0" methods="1" coveredmethods="1"/>
      <file name="PasswordManager.tsx" path="C:\Users\sngomez\OneDrive\Pruebas_Tecnicas\openbank-test\src\views\passwordManager\PasswordManager.tsx">
        <metrics statements="2" coveredstatements="2" conditionals="0" coveredconditionals="0" methods="1" coveredmethods="1"/>
        <line num="7" count="1" type="stmt"/>
        <line num="8" count="2" type="stmt"/>
      </file>
      <file name="index.ts" path="C:\Users\sngomez\OneDrive\Pruebas_Tecnicas\openbank-test\src\views\passwordManager\index.ts">
        <metrics statements="0" coveredstatements="0" conditionals="0" coveredconditionals="0" methods="0" coveredmethods="0"/>
      </file>
    </package>
    <package name="src.views.passwordManager.Step1">
      <metrics statements="9" coveredstatements="9" conditionals="0" coveredconditionals="0" methods="2" coveredmethods="2"/>
      <file name="Step1.tsx" path="C:\Users\sngomez\OneDrive\Pruebas_Tecnicas\openbank-test\src\views\passwordManager\Step1\Step1.tsx">
        <metrics statements="9" coveredstatements="9" conditionals="0" coveredconditionals="0" methods="2" coveredmethods="2"/>
        <line num="12" count="2" type="stmt"/>
        <line num="13" count="7" type="stmt"/>
        <line num="14" count="7" type="stmt"/>
        <line num="15" count="7" type="stmt"/>
        <line num="17" count="7" type="stmt"/>
        <line num="18" count="1" type="stmt"/>
        <line num="19" count="1" type="stmt"/>
        <line num="20" count="1" type="stmt"/>
        <line num="23" count="7" type="stmt"/>
      </file>
    </package>
    <package name="src.views.passwordManager.Step2">
      <metrics statements="5" coveredstatements="5" conditionals="2" coveredconditionals="1" methods="2" coveredmethods="2"/>
      <file name="Step2.tsx" path="C:\Users\sngomez\OneDrive\Pruebas_Tecnicas\openbank-test\src\views\passwordManager\Step2\Step2.tsx">
        <metrics statements="5" coveredstatements="5" conditionals="2" coveredconditionals="1" methods="2" coveredmethods="2"/>
        <line num="9" count="2" type="stmt"/>
        <line num="10" count="4" type="stmt"/>
        <line num="11" count="4" type="stmt"/>
        <line num="12" count="4" type="stmt"/>
        <line num="15" count="4" type="stmt"/>
      </file>
    </package>
    <package name="src.views.passwordManager.Step3">
      <metrics statements="5" coveredstatements="5" conditionals="2" coveredconditionals="1" methods="3" coveredmethods="3"/>
      <file name="Step3.tsx" path="C:\Users\sngomez\OneDrive\Pruebas_Tecnicas\openbank-test\src\views\passwordManager\Step3\Step3.tsx">
        <metrics statements="5" coveredstatements="5" conditionals="2" coveredconditionals="1" methods="3" coveredmethods="3"/>
        <line num="8" count="2" type="stmt"/>
        <line num="9" count="4" type="stmt"/>
        <line num="10" count="4" type="stmt"/>
        <line num="11" count="4" type="stmt"/>
        <line num="13" count="4" type="stmt"/>
      </file>
    </package>
  </project>
</coverage>
