<?xml version="1.0" encoding="UTF-8"?>
<coverage generated="1664443817790" clover="3.2.0">
  <project timestamp="1664443817790" name="All files">
    <metrics statements="53" coveredstatements="50" conditionals="18" coveredconditionals="18" methods="20" coveredmethods="18" elements="91" coveredelements="86" complexity="0" loc="53" ncloc="53" packages="15" files="23" classes="23"/>
    <package name="components">
      <metrics statements="0" coveredstatements="0" conditionals="0" coveredconditionals="0" methods="0" coveredmethods="0"/>
      <file name="index.js" path="C:\Users\sngomez\OneDrive\Pruebas_Tecnicas\openbank-test\src\components\index.js">
        <metrics statements="0" coveredstatements="0" conditionals="0" coveredconditionals="0" methods="0" coveredmethods="0"/>
      </file>
    </package>
    <package name="components.common">
      <metrics statements="0" coveredstatements="0" conditionals="0" coveredconditionals="0" methods="0" coveredmethods="0"/>
      <file name="index.js" path="C:\Users\sngomez\OneDrive\Pruebas_Tecnicas\openbank-test\src\components\common\index.js">
        <metrics statements="0" coveredstatements="0" conditionals="0" coveredconditionals="0" methods="0" coveredmethods="0"/>
      </file>
    </package>
    <package name="components.common.buttonBox">
      <metrics statements="3" coveredstatements="3" conditionals="0" coveredconditionals="0" methods="1" coveredmethods="1"/>
      <file name="ButtonBox.tsx" path="C:\Users\sngomez\OneDrive\Pruebas_Tecnicas\openbank-test\src\components\common\buttonBox\ButtonBox.tsx">
        <metrics statements="3" coveredstatements="3" conditionals="0" coveredconditionals="0" methods="1" coveredmethods="1"/>
        <line num="18" count="3" type="stmt"/>
        <line num="19" count="18" type="stmt"/>
        <line num="21" count="18" type="stmt"/>
      </file>
      <file name="index.js" path="C:\Users\sngomez\OneDrive\Pruebas_Tecnicas\openbank-test\src\components\common\buttonBox\index.js">
        <metrics statements="0" coveredstatements="0" conditionals="0" coveredconditionals="0" methods="0" coveredmethods="0"/>
      </file>
    </package>
    <package name="components.passwordManager">
      <metrics statements="0" coveredstatements="0" conditionals="0" coveredconditionals="0" methods="0" coveredmethods="0"/>
      <file name="index.js" path="C:\Users\sngomez\OneDrive\Pruebas_Tecnicas\openbank-test\src\components\passwordManager\index.js">
        <metrics statements="0" coveredstatements="0" conditionals="0" coveredconditionals="0" methods="0" coveredmethods="0"/>
      </file>
    </package>
    <package name="components.passwordManager.Header">
      <metrics statements="3" coveredstatements="3" conditionals="0" coveredconditionals="0" methods="2" coveredmethods="2"/>
      <file name="Header.tsx" path="C:\Users\sngomez\OneDrive\Pruebas_Tecnicas\openbank-test\src\components\passwordManager\Header\Header.tsx">
        <metrics statements="3" coveredstatements="3" conditionals="0" coveredconditionals="0" methods="2" coveredmethods="2"/>
        <line num="12" count="2" type="stmt"/>
        <line num="13" count="5" type="stmt"/>
        <line num="15" count="5" type="stmt"/>
      </file>
      <file name="index.js" path="C:\Users\sngomez\OneDrive\Pruebas_Tecnicas\openbank-test\src\components\passwordManager\Header\index.js">
        <metrics statements="0" coveredstatements="0" conditionals="0" coveredconditionals="0" methods="0" coveredmethods="0"/>
      </file>
    </package>
    <package name="components.passwordManager.Layout">
      <metrics statements="2" coveredstatements="2" conditionals="0" coveredconditionals="0" methods="1" coveredmethods="1"/>
      <file name="Layout.tsx" path="C:\Users\sngomez\OneDrive\Pruebas_Tecnicas\openbank-test\src\components\passwordManager\Layout\Layout.tsx">
        <metrics statements="2" coveredstatements="2" conditionals="0" coveredconditionals="0" methods="1" coveredmethods="1"/>
        <line num="8" count="1" type="stmt"/>
        <line num="9" count="2" type="stmt"/>
      </file>
      <file name="index.js" path="C:\Users\sngomez\OneDrive\Pruebas_Tecnicas\openbank-test\src\components\passwordManager\Layout\index.js">
        <metrics statements="0" coveredstatements="0" conditionals="0" coveredconditionals="0" methods="0" coveredmethods="0"/>
      </file>
    </package>
    <package name="components.passwordManager.helpers">
      <metrics statements="5" coveredstatements="5" conditionals="4" coveredconditionals="4" methods="4" coveredmethods="4"/>
      <file name="formValidators.js" path="C:\Users\sngomez\OneDrive\Pruebas_Tecnicas\openbank-test\src\components\passwordManager\helpers\formValidators.js">
        <metrics statements="5" coveredstatements="5" conditionals="4" coveredconditionals="4" methods="4" coveredmethods="4"/>
        <line num="1" count="14" type="stmt"/>
        <line num="17" count="14" type="stmt"/>
        <line num="19" count="4" type="cond" truecount="2" falsecount="0"/>
        <line num="20" count="2" type="cond" truecount="2" falsecount="0"/>
        <line num="25" count="14" type="stmt"/>
      </file>
      <file name="index.js" path="C:\Users\sngomez\OneDrive\Pruebas_Tecnicas\openbank-test\src\components\passwordManager\helpers\index.js">
        <metrics statements="0" coveredstatements="0" conditionals="0" coveredconditionals="0" methods="0" coveredmethods="0"/>
      </file>
    </package>
    <package name="components.passwordManager.steps">
      <metrics statements="0" coveredstatements="0" conditionals="0" coveredconditionals="0" methods="0" coveredmethods="0"/>
      <file name="index.js" path="C:\Users\sngomez\OneDrive\Pruebas_Tecnicas\openbank-test\src\components\passwordManager\steps\index.js">
        <metrics statements="0" coveredstatements="0" conditionals="0" coveredconditionals="0" methods="0" coveredmethods="0"/>
      </file>
    </package>
    <package name="components.passwordManager.steps.step1">
      <metrics statements="5" coveredstatements="5" conditionals="0" coveredconditionals="0" methods="2" coveredmethods="2"/>
      <file name="CheckboxForm.tsx" path="C:\Users\sngomez\OneDrive\Pruebas_Tecnicas\openbank-test\src\components\passwordManager\steps\step1\CheckboxForm.tsx">
        <metrics statements="5" coveredstatements="5" conditionals="0" coveredconditionals="0" methods="2" coveredmethods="2"/>
        <line num="19" count="2" type="stmt"/>
        <line num="21" count="14" type="stmt"/>
        <line num="22" count="14" type="stmt"/>
        <line num="24" count="14" type="stmt"/>
        <line num="33" count="4" type="stmt"/>
      </file>
      <file name="index.js" path="C:\Users\sngomez\OneDrive\Pruebas_Tecnicas\openbank-test\src\components\passwordManager\steps\step1\index.js">
        <metrics statements="0" coveredstatements="0" conditionals="0" coveredconditionals="0" methods="0" coveredmethods="0"/>
      </file>
    </package>
    <package name="components.passwordManager.steps.step2">
      <metrics statements="12" coveredstatements="9" conditionals="6" coveredconditionals="6" methods="3" coveredmethods="1"/>
      <file name="Form.tsx" path="C:\Users\sngomez\OneDrive\Pruebas_Tecnicas\openbank-test\src\components\passwordManager\steps\step2\Form.tsx">
        <metrics statements="12" coveredstatements="9" conditionals="6" coveredconditionals="6" methods="3" coveredmethods="1"/>
        <line num="36" count="2" type="stmt"/>
        <line num="37" count="14" type="stmt"/>
        <line num="38" count="14" type="stmt"/>
        <line num="39" count="14" type="stmt"/>
        <line num="46" count="14" type="stmt"/>
        <line num="48" count="14" type="stmt"/>
        <line num="50" count="14" type="stmt"/>
        <line num="52" count="0" type="stmt"/>
        <line num="57" count="14" type="stmt"/>
        <line num="58" count="0" type="stmt"/>
        <line num="59" count="0" type="stmt"/>
        <line num="62" count="14" type="stmt"/>
      </file>
      <file name="index.js" path="C:\Users\sngomez\OneDrive\Pruebas_Tecnicas\openbank-test\src\components\passwordManager\steps\step2\index.js">
        <metrics statements="0" coveredstatements="0" conditionals="0" coveredconditionals="0" methods="0" coveredmethods="0"/>
      </file>
    </package>
    <package name="components.passwordManager.steps.step3">
      <metrics statements="8" coveredstatements="8" conditionals="8" coveredconditionals="8" methods="2" coveredmethods="2"/>
      <file name="CardContainer.tsx" path="C:\Users\sngomez\OneDrive\Pruebas_Tecnicas\openbank-test\src\components\passwordManager\steps\step3\CardContainer.tsx">
        <metrics statements="8" coveredstatements="8" conditionals="8" coveredconditionals="8" methods="2" coveredmethods="2"/>
        <line num="21" count="3" type="stmt"/>
        <line num="22" count="13" type="stmt"/>
        <line num="23" count="13" type="stmt"/>
        <line num="24" count="13" type="stmt"/>
        <line num="26" count="13" type="stmt"/>
        <line num="27" count="1" type="stmt"/>
        <line num="28" count="1" type="stmt"/>
        <line num="31" count="13" type="stmt"/>
      </file>
      <file name="index.js" path="C:\Users\sngomez\OneDrive\Pruebas_Tecnicas\openbank-test\src\components\passwordManager\steps\step3\index.js">
        <metrics statements="0" coveredstatements="0" conditionals="0" coveredconditionals="0" methods="0" coveredmethods="0"/>
      </file>
    </package>
    <package name="views">
      <metrics statements="0" coveredstatements="0" conditionals="0" coveredconditionals="0" methods="0" coveredmethods="0"/>
      <file name="index.ts" path="C:\Users\sngomez\OneDrive\Pruebas_Tecnicas\openbank-test\src\views\index.ts">
        <metrics statements="0" coveredstatements="0" conditionals="0" coveredconditionals="0" methods="0" coveredmethods="0"/>
      </file>
    </package>
    <package name="views.Step1">
      <metrics statements="8" coveredstatements="8" conditionals="0" coveredconditionals="0" methods="2" coveredmethods="2"/>
      <file name="Step1.tsx" path="C:\Users\sngomez\OneDrive\Pruebas_Tecnicas\openbank-test\src\views\Step1\Step1.tsx">
        <metrics statements="8" coveredstatements="8" conditionals="0" coveredconditionals="0" methods="2" coveredmethods="2"/>
        <line num="9" count="1" type="stmt"/>
        <line num="10" count="5" type="stmt"/>
        <line num="11" count="5" type="stmt"/>
        <line num="12" count="5" type="stmt"/>
        <line num="13" count="5" type="stmt"/>
        <line num="14" count="1" type="stmt"/>
        <line num="15" count="1" type="stmt"/>
        <line num="18" count="5" type="stmt"/>
      </file>
    </package>
    <package name="views.Step2">
      <metrics statements="3" coveredstatements="3" conditionals="0" coveredconditionals="0" methods="1" coveredmethods="1"/>
      <file name="Step2.tsx" path="C:\Users\sngomez\OneDrive\Pruebas_Tecnicas\openbank-test\src\views\Step2\Step2.tsx">
        <metrics statements="3" coveredstatements="3" conditionals="0" coveredconditionals="0" methods="1" coveredmethods="1"/>
        <line num="6" count="1" type="stmt"/>
        <line num="7" count="4" type="stmt"/>
        <line num="9" count="4" type="stmt"/>
      </file>
    </package>
    <package name="views.Step3">
      <metrics statements="4" coveredstatements="4" conditionals="0" coveredconditionals="0" methods="2" coveredmethods="2"/>
      <file name="Step3KO.tsx" path="C:\Users\sngomez\OneDrive\Pruebas_Tecnicas\openbank-test\src\views\Step3\Step3KO.tsx">
        <metrics statements="2" coveredstatements="2" conditionals="0" coveredconditionals="0" methods="1" coveredmethods="1"/>
        <line num="4" count="1" type="stmt"/>
        <line num="5" count="4" type="stmt"/>
      </file>
      <file name="Step3OK.tsx" path="C:\Users\sngomez\OneDrive\Pruebas_Tecnicas\openbank-test\src\views\Step3\Step3OK.tsx">
        <metrics statements="2" coveredstatements="2" conditionals="0" coveredconditionals="0" methods="1" coveredmethods="1"/>
        <line num="5" count="1" type="stmt"/>
        <line num="6" count="4" type="stmt"/>
      </file>
    </package>
  </project>
</coverage>
