{"C:\\Users\\sngomez\\OneDrive\\Pruebas_Tecnicas\\openbank-test\\src\\components\\index.js": {"path":"C:\\Users\\sngomez\\OneDrive\\Pruebas_Tecnicas\\openbank-test\\src\\components\\index.js","statementMap":{},"fnMap":{},"branchMap":{},"s":{},"f":{},"b":{}}
,"C:\\Users\\sngomez\\OneDrive\\Pruebas_Tecnicas\\openbank-test\\src\\components\\common\\index.js": {"path":"C:\\Users\\sngomez\\OneDrive\\Pruebas_Tecnicas\\openbank-test\\src\\components\\common\\index.js","statementMap":{},"fnMap":{},"branchMap":{},"s":{},"f":{},"b":{},"_coverageSchema":"1a1c01bbd47fc00a2c39e90264f33305004495a9","hash":"120b4618f34d56a3d02af3dfbd262fd2906f8a8c"}
,"C:\\Users\\sngomez\\OneDrive\\Pruebas_Tecnicas\\openbank-test\\src\\components\\common\\buttonBox\\ButtonBox.tsx": {"path":"C:\\Users\\sngomez\\OneDrive\\Pruebas_Tecnicas\\openbank-test\\src\\components\\common\\buttonBox\\ButtonBox.tsx","statementMap":{"0":{"start":{"line":18,"column":25},"end":{"line":44,"column":1}},"1":{"start":{"line":19,"column":16},"end":{"line":19,"column":45}},"2":{"start":{"line":21,"column":2},"end":{"line":43,"column":4}}},"fnMap":{"0":{"name":"(anonymous_0)","decl":{"start":{"line":18,"column":25},"end":{"line":18,"column":26}},"loc":{"start":{"line":18,"column":76},"end":{"line":44,"column":1}},"line":18}},"branchMap":{},"s":{"0":3,"1":18,"2":18},"f":{"0":18},"b":{},"_coverageSchema":"1a1c01bbd47fc00a2c39e90264f33305004495a9","hash":"7f80ba2631e5d9bb19e73cd8c9a8a4093ad52af7"}
,"C:\\Users\\sngomez\\OneDrive\\Pruebas_Tecnicas\\openbank-test\\src\\components\\common\\buttonBox\\index.js": {"path":"C:\\Users\\sngomez\\OneDrive\\Pruebas_Tecnicas\\openbank-test\\src\\components\\common\\buttonBox\\index.js","statementMap":{},"fnMap":{},"branchMap":{},"s":{},"f":{},"b":{},"_coverageSchema":"1a1c01bbd47fc00a2c39e90264f33305004495a9","hash":"b5f1fbf6c09f471b3e6a0ed52d0210c23d770b34"}
,"C:\\Users\\sngomez\\OneDrive\\Pruebas_Tecnicas\\openbank-test\\src\\components\\passwordManager\\index.js": {"path":"C:\\Users\\sngomez\\OneDrive\\Pruebas_Tecnicas\\openbank-test\\src\\components\\passwordManager\\index.js","statementMap":{},"fnMap":{},"branchMap":{},"s":{},"f":{},"b":{}}
,"C:\\Users\\sngomez\\OneDrive\\Pruebas_Tecnicas\\openbank-test\\src\\components\\passwordManager\\Header\\Header.tsx": {"path":"C:\\Users\\sngomez\\OneDrive\\Pruebas_Tecnicas\\openbank-test\\src\\components\\passwordManager\\Header\\Header.tsx","statementMap":{"0":{"start":{"line":12,"column":22},"end":{"line":38,"column":1}},"1":{"start":{"line":13,"column":15},"end":{"line":13,"column":69}},"2":{"start":{"line":13,"column":49},"end":{"line":13,"column":68}},"3":{"start":{"line":15,"column":2},"end":{"line":37,"column":4}}},"fnMap":{"0":{"name":"(anonymous_0)","decl":{"start":{"line":12,"column":22},"end":{"line":12,"column":23}},"loc":{"start":{"line":12,"column":41},"end":{"line":38,"column":1}},"line":12},"1":{"name":"(anonymous_1)","decl":{"start":{"line":13,"column":27},"end":{"line":13,"column":28}},"loc":{"start":{"line":13,"column":49},"end":{"line":13,"column":68}},"line":13}},"branchMap":{},"s":{"0":2,"1":5,"2":5,"3":5},"f":{"0":5,"1":5},"b":{},"_coverageSchema":"1a1c01bbd47fc00a2c39e90264f33305004495a9","hash":"dfd603758ea6d1c2dd636c760cf9be7647ac2bc4"}
,"C:\\Users\\sngomez\\OneDrive\\Pruebas_Tecnicas\\openbank-test\\src\\components\\passwordManager\\Header\\index.js": {"path":"C:\\Users\\sngomez\\OneDrive\\Pruebas_Tecnicas\\openbank-test\\src\\components\\passwordManager\\Header\\index.js","statementMap":{},"fnMap":{},"branchMap":{},"s":{},"f":{},"b":{}}
,"C:\\Users\\sngomez\\OneDrive\\Pruebas_Tecnicas\\openbank-test\\src\\components\\passwordManager\\Layout\\Layout.tsx": {"path":"C:\\Users\\sngomez\\OneDrive\\Pruebas_Tecnicas\\openbank-test\\src\\components\\passwordManager\\Layout\\Layout.tsx","statementMap":{"0":{"start":{"line":8,"column":22},"end":{"line":17,"column":1}},"1":{"start":{"line":9,"column":2},"end":{"line":16,"column":4}}},"fnMap":{"0":{"name":"(anonymous_0)","decl":{"start":{"line":8,"column":22},"end":{"line":8,"column":23}},"loc":{"start":{"line":8,"column":66},"end":{"line":17,"column":1}},"line":8}},"branchMap":{},"s":{"0":1,"1":2},"f":{"0":2},"b":{},"_coverageSchema":"1a1c01bbd47fc00a2c39e90264f33305004495a9","hash":"6b844632561b339c96581c6052f3f2c32d3073a2"}
,"C:\\Users\\sngomez\\OneDrive\\Pruebas_Tecnicas\\openbank-test\\src\\components\\passwordManager\\Layout\\index.js": {"path":"C:\\Users\\sngomez\\OneDrive\\Pruebas_Tecnicas\\openbank-test\\src\\components\\passwordManager\\Layout\\index.js","statementMap":{},"fnMap":{},"branchMap":{},"s":{},"f":{},"b":{}}
,"C:\\Users\\sngomez\\OneDrive\\Pruebas_Tecnicas\\openbank-test\\src\\components\\passwordManager\\helpers\\formValidators.js": {"path":"C:\\Users\\sngomez\\OneDrive\\Pruebas_Tecnicas\\openbank-test\\src\\components\\passwordManager\\helpers\\formValidators.js","statementMap":{"0":{"start":{"line":1,"column":33},"end":{"line":15,"column":2}},"1":{"start":{"line":1,"column":41},"end":{"line":15,"column":1}},"2":{"start":{"line":17,"column":40},"end":{"line":23,"column":2}},"3":{"start":{"line":17,"column":55},"end":{"line":23,"column":1}},"4":{"start":{"line":19,"column":4},"end":{"line":21,"column":5}},"5":{"start":{"line":20,"column":6},"end":{"line":20,"column":78}},"6":{"start":{"line":25,"column":37},"end":{"line":27,"column":2}},"7":{"start":{"line":25,"column":45},"end":{"line":27,"column":1}}},"fnMap":{"0":{"name":"(anonymous_0)","decl":{"start":{"line":1,"column":33},"end":{"line":1,"column":34}},"loc":{"start":{"line":1,"column":41},"end":{"line":15,"column":1}},"line":1},"1":{"name":"(anonymous_1)","decl":{"start":{"line":17,"column":40},"end":{"line":17,"column":41}},"loc":{"start":{"line":17,"column":55},"end":{"line":23,"column":1}},"line":17},"2":{"name":"(anonymous_2)","decl":{"start":{"line":18,"column":12},"end":{"line":18,"column":13}},"loc":{"start":{"line":18,"column":23},"end":{"line":22,"column":3}},"line":18},"3":{"name":"(anonymous_3)","decl":{"start":{"line":25,"column":37},"end":{"line":25,"column":38}},"loc":{"start":{"line":25,"column":45},"end":{"line":27,"column":1}},"line":25}},"branchMap":{"0":{"loc":{"start":{"line":19,"column":4},"end":{"line":21,"column":5}},"type":"if","locations":[{"start":{"line":19,"column":4},"end":{"line":21,"column":5}},{"start":{},"end":{}}],"line":19},"1":{"loc":{"start":{"line":20,"column":13},"end":{"line":20,"column":77}},"type":"binary-expr","locations":[{"start":{"line":20,"column":13},"end":{"line":20,"column":40}},{"start":{"line":20,"column":44},"end":{"line":20,"column":77}}],"line":20}},"s":{"0":2,"1":14,"2":2,"3":14,"4":4,"5":2,"6":2,"7":14},"f":{"0":14,"1":14,"2":4,"3":14},"b":{"0":[2,2],"1":[2,2]},"_coverageSchema":"1a1c01bbd47fc00a2c39e90264f33305004495a9","hash":"dd079ed9e608ca5d7dfb012ee0235ce966d0b224"}
,"C:\\Users\\sngomez\\OneDrive\\Pruebas_Tecnicas\\openbank-test\\src\\components\\passwordManager\\helpers\\index.js": {"path":"C:\\Users\\sngomez\\OneDrive\\Pruebas_Tecnicas\\openbank-test\\src\\components\\passwordManager\\helpers\\index.js","statementMap":{},"fnMap":{},"branchMap":{},"s":{},"f":{},"b":{}}
,"C:\\Users\\sngomez\\OneDrive\\Pruebas_Tecnicas\\openbank-test\\src\\components\\passwordManager\\steps\\index.js": {"path":"C:\\Users\\sngomez\\OneDrive\\Pruebas_Tecnicas\\openbank-test\\src\\components\\passwordManager\\steps\\index.js","statementMap":{},"fnMap":{},"branchMap":{},"s":{},"f":{},"b":{}}
,"C:\\Users\\sngomez\\OneDrive\\Pruebas_Tecnicas\\openbank-test\\src\\components\\passwordManager\\steps\\step1\\CheckboxForm.tsx": {"path":"C:\\Users\\sngomez\\OneDrive\\Pruebas_Tecnicas\\openbank-test\\src\\components\\passwordManager\\steps\\step1\\CheckboxForm.tsx","statementMap":{"0":{"start":{"line":19,"column":28},"end":{"line":65,"column":1}},"1":{"start":{"line":21,"column":4},"end":{"line":21,"column":28}},"2":{"start":{"line":22,"column":16},"end":{"line":22,"column":45}},"3":{"start":{"line":24,"column":2},"end":{"line":64,"column":4}},"4":{"start":{"line":33,"column":29},"end":{"line":33,"column":75}}},"fnMap":{"0":{"name":"(anonymous_0)","decl":{"start":{"line":19,"column":28},"end":{"line":19,"column":29}},"loc":{"start":{"line":19,"column":74},"end":{"line":65,"column":1}},"line":19},"1":{"name":"(anonymous_1)","decl":{"start":{"line":33,"column":22},"end":{"line":33,"column":23}},"loc":{"start":{"line":33,"column":29},"end":{"line":33,"column":75}},"line":33}},"branchMap":{},"s":{"0":2,"1":14,"2":14,"3":14,"4":4},"f":{"0":14,"1":4},"b":{},"_coverageSchema":"1a1c01bbd47fc00a2c39e90264f33305004495a9","hash":"811b1385fef765c38afca52b920565931d170044"}
,"C:\\Users\\sngomez\\OneDrive\\Pruebas_Tecnicas\\openbank-test\\src\\components\\passwordManager\\steps\\step1\\index.js": {"path":"C:\\Users\\sngomez\\OneDrive\\Pruebas_Tecnicas\\openbank-test\\src\\components\\passwordManager\\steps\\step1\\index.js","statementMap":{},"fnMap":{},"branchMap":{},"s":{},"f":{},"b":{}}
,"C:\\Users\\sngomez\\OneDrive\\Pruebas_Tecnicas\\openbank-test\\src\\components\\passwordManager\\steps\\step2\\Form.tsx": {"path":"C:\\Users\\sngomez\\OneDrive\\Pruebas_Tecnicas\\openbank-test\\src\\components\\passwordManager\\steps\\step2\\Form.tsx","statementMap":{"0":{"start":{"line":36,"column":20},"end":{"line":143,"column":1}},"1":{"start":{"line":37,"column":19},"end":{"line":37,"column":32}},"2":{"start":{"line":38,"column":19},"end":{"line":38,"column":32}},"3":{"start":{"line":39,"column":48},"end":{"line":39,"column":75}},"4":{"start":{"line":46,"column":6},"end":{"line":46,"column":25}},"5":{"start":{"line":48,"column":16},"end":{"line":48,"column":45}},"6":{"start":{"line":50,"column":19},"end":{"line":55,"column":3}},"7":{"start":{"line":52,"column":6},"end":{"line":52,"column":51}},"8":{"start":{"line":57,"column":29},"end":{"line":60,"column":26}},"9":{"start":{"line":58,"column":4},"end":{"line":58,"column":30}},"10":{"start":{"line":59,"column":4},"end":{"line":59,"column":18}},"11":{"start":{"line":62,"column":2},"end":{"line":142,"column":4}}},"fnMap":{"0":{"name":"(anonymous_0)","decl":{"start":{"line":36,"column":20},"end":{"line":36,"column":21}},"loc":{"start":{"line":36,"column":26},"end":{"line":143,"column":1}},"line":36},"1":{"name":"(anonymous_1)","decl":{"start":{"line":51,"column":4},"end":{"line":51,"column":5}},"loc":{"start":{"line":51,"column":24},"end":{"line":53,"column":5}},"line":51},"2":{"name":"(anonymous_2)","decl":{"start":{"line":57,"column":41},"end":{"line":57,"column":42}},"loc":{"start":{"line":57,"column":47},"end":{"line":60,"column":3}},"line":57}},"branchMap":{"0":{"loc":{"start":{"line":82,"column":14},"end":{"line":84,"column":22}},"type":"cond-expr","locations":[{"start":{"line":83,"column":16},"end":{"line":83,"column":60}},{"start":{"line":84,"column":18},"end":{"line":84,"column":22}}],"line":82},"1":{"loc":{"start":{"line":102,"column":14},"end":{"line":102,"column":80}},"type":"cond-expr","locations":[{"start":{"line":102,"column":31},"end":{"line":102,"column":73}},{"start":{"line":102,"column":76},"end":{"line":102,"column":80}}],"line":102},"2":{"loc":{"start":{"line":134,"column":12},"end":{"line":136,"column":20}},"type":"cond-expr","locations":[{"start":{"line":135,"column":14},"end":{"line":135,"column":63}},{"start":{"line":136,"column":16},"end":{"line":136,"column":20}}],"line":134}},"s":{"0":2,"1":14,"2":14,"3":14,"4":14,"5":14,"6":14,"7":0,"8":14,"9":0,"10":0,"11":14},"f":{"0":14,"1":0,"2":0},"b":{"0":[3,11],"1":[2,12],"2":[1,13]},"_coverageSchema":"1a1c01bbd47fc00a2c39e90264f33305004495a9","hash":"c55aaba24d0016e19159ad2a4b1be2ef207bb0ae"}
,"C:\\Users\\sngomez\\OneDrive\\Pruebas_Tecnicas\\openbank-test\\src\\components\\passwordManager\\steps\\step2\\index.js": {"path":"C:\\Users\\sngomez\\OneDrive\\Pruebas_Tecnicas\\openbank-test\\src\\components\\passwordManager\\steps\\step2\\index.js","statementMap":{},"fnMap":{},"branchMap":{},"s":{},"f":{},"b":{}}
,"C:\\Users\\sngomez\\OneDrive\\Pruebas_Tecnicas\\openbank-test\\src\\components\\passwordManager\\steps\\step3\\CardContainer.tsx": {"path":"C:\\Users\\sngomez\\OneDrive\\Pruebas_Tecnicas\\openbank-test\\src\\components\\passwordManager\\steps\\step3\\CardContainer.tsx","statementMap":{"0":{"start":{"line":21,"column":29},"end":{"line":66,"column":1}},"1":{"start":{"line":22,"column":19},"end":{"line":22,"column":32}},"2":{"start":{"line":23,"column":19},"end":{"line":23,"column":32}},"3":{"start":{"line":24,"column":16},"end":{"line":24,"column":45}},"4":{"start":{"line":26,"column":29},"end":{"line":29,"column":26}},"5":{"start":{"line":27,"column":4},"end":{"line":27,"column":27}},"6":{"start":{"line":28,"column":4},"end":{"line":28,"column":18}},"7":{"start":{"line":31,"column":2},"end":{"line":65,"column":4}}},"fnMap":{"0":{"name":"(anonymous_0)","decl":{"start":{"line":21,"column":29},"end":{"line":21,"column":30}},"loc":{"start":{"line":21,"column":63},"end":{"line":66,"column":1}},"line":21},"1":{"name":"(anonymous_1)","decl":{"start":{"line":26,"column":41},"end":{"line":26,"column":42}},"loc":{"start":{"line":26,"column":47},"end":{"line":29,"column":3}},"line":26}},"branchMap":{"0":{"loc":{"start":{"line":37,"column":10},"end":{"line":41,"column":11}},"type":"cond-expr","locations":[{"start":{"line":38,"column":12},"end":{"line":38,"column":70}},{"start":{"line":40,"column":12},"end":{"line":40,"column":67}}],"line":37},"1":{"loc":{"start":{"line":44,"column":10},"end":{"line":48,"column":11}},"type":"cond-expr","locations":[{"start":{"line":45,"column":12},"end":{"line":45,"column":66}},{"start":{"line":47,"column":12},"end":{"line":47,"column":66}}],"line":44},"2":{"loc":{"start":{"line":51,"column":10},"end":{"line":55,"column":11}},"type":"cond-expr","locations":[{"start":{"line":52,"column":12},"end":{"line":52,"column":43}},{"start":{"line":54,"column":12},"end":{"line":54,"column":43}}],"line":51},"3":{"loc":{"start":{"line":61,"column":11},"end":{"line":61,"column":60}},"type":"cond-expr","locations":[{"start":{"line":61,"column":19},"end":{"line":61,"column":38}},{"start":{"line":61,"column":41},"end":{"line":61,"column":60}}],"line":61}},"s":{"0":3,"1":13,"2":13,"3":13,"4":13,"5":1,"6":1,"7":13},"f":{"0":13,"1":1},"b":{"0":[6,7],"1":[6,7],"2":[6,7],"3":[6,7]},"_coverageSchema":"1a1c01bbd47fc00a2c39e90264f33305004495a9","hash":"a7883943ad8621177c19babbff0854e59f64839e"}
,"C:\\Users\\sngomez\\OneDrive\\Pruebas_Tecnicas\\openbank-test\\src\\components\\passwordManager\\steps\\step3\\index.js": {"path":"C:\\Users\\sngomez\\OneDrive\\Pruebas_Tecnicas\\openbank-test\\src\\components\\passwordManager\\steps\\step3\\index.js","statementMap":{},"fnMap":{},"branchMap":{},"s":{},"f":{},"b":{}}
,"C:\\Users\\sngomez\\OneDrive\\Pruebas_Tecnicas\\openbank-test\\src\\views\\index.ts": {"path":"C:\\Users\\sngomez\\OneDrive\\Pruebas_Tecnicas\\openbank-test\\src\\views\\index.ts","statementMap":{},"fnMap":{},"branchMap":{},"s":{},"f":{},"b":{}}
,"C:\\Users\\sngomez\\OneDrive\\Pruebas_Tecnicas\\openbank-test\\src\\views\\Step1\\Step1.tsx": {"path":"C:\\Users\\sngomez\\OneDrive\\Pruebas_Tecnicas\\openbank-test\\src\\views\\Step1\\Step1.tsx","statementMap":{"0":{"start":{"line":9,"column":21},"end":{"line":29,"column":1}},"1":{"start":{"line":10,"column":16},"end":{"line":10,"column":45}},"2":{"start":{"line":11,"column":19},"end":{"line":11,"column":32}},"3":{"start":{"line":12,"column":19},"end":{"line":12,"column":32}},"4":{"start":{"line":13,"column":25},"end":{"line":16,"column":26}},"5":{"start":{"line":14,"column":4},"end":{"line":14,"column":30}},"6":{"start":{"line":15,"column":4},"end":{"line":15,"column":33}},"7":{"start":{"line":18,"column":2},"end":{"line":28,"column":4}}},"fnMap":{"0":{"name":"(anonymous_0)","decl":{"start":{"line":9,"column":21},"end":{"line":9,"column":22}},"loc":{"start":{"line":9,"column":27},"end":{"line":29,"column":1}},"line":9},"1":{"name":"(anonymous_1)","decl":{"start":{"line":13,"column":37},"end":{"line":13,"column":38}},"loc":{"start":{"line":13,"column":43},"end":{"line":16,"column":3}},"line":13}},"branchMap":{},"s":{"0":1,"1":5,"2":5,"3":5,"4":5,"5":1,"6":1,"7":5},"f":{"0":5,"1":1},"b":{},"_coverageSchema":"1a1c01bbd47fc00a2c39e90264f33305004495a9","hash":"97a3f850187e39a3b16f2b720de6b54f42d0a5b3"}
,"C:\\Users\\sngomez\\OneDrive\\Pruebas_Tecnicas\\openbank-test\\src\\views\\Step2\\Step2.tsx": {"path":"C:\\Users\\sngomez\\OneDrive\\Pruebas_Tecnicas\\openbank-test\\src\\views\\Step2\\Step2.tsx","statementMap":{"0":{"start":{"line":6,"column":21},"end":{"line":15,"column":1}},"1":{"start":{"line":7,"column":16},"end":{"line":7,"column":45}},"2":{"start":{"line":9,"column":2},"end":{"line":14,"column":4}}},"fnMap":{"0":{"name":"(anonymous_0)","decl":{"start":{"line":6,"column":21},"end":{"line":6,"column":22}},"loc":{"start":{"line":6,"column":27},"end":{"line":15,"column":1}},"line":6}},"branchMap":{},"s":{"0":1,"1":4,"2":4},"f":{"0":4},"b":{},"_coverageSchema":"1a1c01bbd47fc00a2c39e90264f33305004495a9","hash":"f132ae1a43523acd4596048e46488db8ac7b6c0e"}
,"C:\\Users\\sngomez\\OneDrive\\Pruebas_Tecnicas\\openbank-test\\src\\views\\Step3\\Step3KO.tsx": {"path":"C:\\Users\\sngomez\\OneDrive\\Pruebas_Tecnicas\\openbank-test\\src\\views\\Step3\\Step3KO.tsx","statementMap":{"0":{"start":{"line":4,"column":23},"end":{"line":10,"column":1}},"1":{"start":{"line":5,"column":2},"end":{"line":9,"column":4}}},"fnMap":{"0":{"name":"(anonymous_0)","decl":{"start":{"line":4,"column":23},"end":{"line":4,"column":24}},"loc":{"start":{"line":4,"column":29},"end":{"line":10,"column":1}},"line":4}},"branchMap":{},"s":{"0":1,"1":4},"f":{"0":4},"b":{},"_coverageSchema":"1a1c01bbd47fc00a2c39e90264f33305004495a9","hash":"2f3957924d12cf278fb4fc6abdb888a0fcc63f3f"}
,"C:\\Users\\sngomez\\OneDrive\\Pruebas_Tecnicas\\openbank-test\\src\\views\\Step3\\Step3OK.tsx": {"path":"C:\\Users\\sngomez\\OneDrive\\Pruebas_Tecnicas\\openbank-test\\src\\views\\Step3\\Step3OK.tsx","statementMap":{"0":{"start":{"line":5,"column":23},"end":{"line":11,"column":1}},"1":{"start":{"line":6,"column":2},"end":{"line":10,"column":4}}},"fnMap":{"0":{"name":"(anonymous_0)","decl":{"start":{"line":5,"column":23},"end":{"line":5,"column":24}},"loc":{"start":{"line":5,"column":29},"end":{"line":11,"column":1}},"line":5}},"branchMap":{},"s":{"0":1,"1":4},"f":{"0":4},"b":{},"_coverageSchema":"1a1c01bbd47fc00a2c39e90264f33305004495a9","hash":"b555acd87f9a66bca1a24f26d5497aac855827eb"}
}
