{"C:\\Users\\sngomez\\OneDrive\\Pruebas_Tecnicas\\openbank-test\\src\\App.tsx": {"path":"C:\\Users\\sngomez\\OneDrive\\Pruebas_Tecnicas\\openbank-test\\src\\App.tsx","statementMap":{"0":{"start":{"line":19,"column":20},"end":{"line":19,"column":37}},"1":{"start":{"line":21,"column":19},"end":{"line":39,"column":1}},"2":{"start":{"line":22,"column":2},"end":{"line":38,"column":4}}},"fnMap":{"0":{"name":"(anonymous_0)","decl":{"start":{"line":21,"column":19},"end":{"line":21,"column":20}},"loc":{"start":{"line":21,"column":25},"end":{"line":39,"column":1}},"line":21}},"branchMap":{},"s":{"0":0,"1":0,"2":0},"f":{"0":0},"b":{}}
,"C:\\Users\\sngomez\\OneDrive\\Pruebas_Tecnicas\\openbank-test\\src\\components\\index.js": {"path":"C:\\Users\\sngomez\\OneDrive\\Pruebas_Tecnicas\\openbank-test\\src\\components\\index.js","statementMap":{},"fnMap":{},"branchMap":{},"s":{},"f":{},"b":{}}
,"C:\\Users\\sngomez\\OneDrive\\Pruebas_Tecnicas\\openbank-test\\src\\components\\common\\index.js": {"path":"C:\\Users\\sngomez\\OneDrive\\Pruebas_Tecnicas\\openbank-test\\src\\components\\common\\index.js","statementMap":{},"fnMap":{},"branchMap":{},"s":{},"f":{},"b":{}}
,"C:\\Users\\sngomez\\OneDrive\\Pruebas_Tecnicas\\openbank-test\\src\\components\\common\\Layout\\Layout.tsx": {"path":"C:\\Users\\sngomez\\OneDrive\\Pruebas_Tecnicas\\openbank-test\\src\\components\\common\\Layout\\Layout.tsx","statementMap":{"0":{"start":{"line":8,"column":22},"end":{"line":17,"column":1}},"1":{"start":{"line":9,"column":2},"end":{"line":16,"column":4}}},"fnMap":{"0":{"name":"(anonymous_0)","decl":{"start":{"line":8,"column":22},"end":{"line":8,"column":23}},"loc":{"start":{"line":8,"column":74},"end":{"line":17,"column":1}},"line":8}},"branchMap":{},"s":{"0":0,"1":0},"f":{"0":0},"b":{}}
,"C:\\Users\\sngomez\\OneDrive\\Pruebas_Tecnicas\\openbank-test\\src\\components\\common\\Layout\\index.js": {"path":"C:\\Users\\sngomez\\OneDrive\\Pruebas_Tecnicas\\openbank-test\\src\\components\\common\\Layout\\index.js","statementMap":{},"fnMap":{},"branchMap":{},"s":{},"f":{},"b":{}}
,"C:\\Users\\sngomez\\OneDrive\\Pruebas_Tecnicas\\openbank-test\\src\\components\\common\\buttonBox\\ButtonBox.tsx": {"path":"C:\\Users\\sngomez\\OneDrive\\Pruebas_Tecnicas\\openbank-test\\src\\components\\common\\buttonBox\\ButtonBox.tsx","statementMap":{"0":{"start":{"line":18,"column":25},"end":{"line":44,"column":1}},"1":{"start":{"line":19,"column":16},"end":{"line":19,"column":45}},"2":{"start":{"line":21,"column":2},"end":{"line":43,"column":4}}},"fnMap":{"0":{"name":"(anonymous_0)","decl":{"start":{"line":18,"column":25},"end":{"line":18,"column":26}},"loc":{"start":{"line":18,"column":76},"end":{"line":44,"column":1}},"line":18}},"branchMap":{},"s":{"0":0,"1":0,"2":0},"f":{"0":0},"b":{}}
,"C:\\Users\\sngomez\\OneDrive\\Pruebas_Tecnicas\\openbank-test\\src\\components\\common\\buttonBox\\index.js": {"path":"C:\\Users\\sngomez\\OneDrive\\Pruebas_Tecnicas\\openbank-test\\src\\components\\common\\buttonBox\\index.js","statementMap":{},"fnMap":{},"branchMap":{},"s":{},"f":{},"b":{}}
,"C:\\Users\\sngomez\\OneDrive\\Pruebas_Tecnicas\\openbank-test\\src\\components\\passwordManager\\index.js": {"path":"C:\\Users\\sngomez\\OneDrive\\Pruebas_Tecnicas\\openbank-test\\src\\components\\passwordManager\\index.js","statementMap":{},"fnMap":{},"branchMap":{},"s":{},"f":{},"b":{}}
,"C:\\Users\\sngomez\\OneDrive\\Pruebas_Tecnicas\\openbank-test\\src\\components\\passwordManager\\Header\\Header.tsx": {"path":"C:\\Users\\sngomez\\OneDrive\\Pruebas_Tecnicas\\openbank-test\\src\\components\\passwordManager\\Header\\Header.tsx","statementMap":{"0":{"start":{"line":12,"column":22},"end":{"line":38,"column":1}},"1":{"start":{"line":13,"column":15},"end":{"line":13,"column":84}},"2":{"start":{"line":13,"column":49},"end":{"line":13,"column":83}},"3":{"start":{"line":15,"column":2},"end":{"line":37,"column":4}}},"fnMap":{"0":{"name":"(anonymous_0)","decl":{"start":{"line":12,"column":22},"end":{"line":12,"column":23}},"loc":{"start":{"line":12,"column":41},"end":{"line":38,"column":1}},"line":12},"1":{"name":"(anonymous_1)","decl":{"start":{"line":13,"column":27},"end":{"line":13,"column":28}},"loc":{"start":{"line":13,"column":49},"end":{"line":13,"column":83}},"line":13}},"branchMap":{},"s":{"0":0,"1":0,"2":0,"3":0},"f":{"0":0,"1":0},"b":{}}
,"C:\\Users\\sngomez\\OneDrive\\Pruebas_Tecnicas\\openbank-test\\src\\components\\passwordManager\\Header\\index.ts": {"path":"C:\\Users\\sngomez\\OneDrive\\Pruebas_Tecnicas\\openbank-test\\src\\components\\passwordManager\\Header\\index.ts","statementMap":{},"fnMap":{},"branchMap":{},"s":{},"f":{},"b":{}}
,"C:\\Users\\sngomez\\OneDrive\\Pruebas_Tecnicas\\openbank-test\\src\\components\\passwordManager\\helpers\\formValidators.js": {"path":"C:\\Users\\sngomez\\OneDrive\\Pruebas_Tecnicas\\openbank-test\\src\\components\\passwordManager\\helpers\\formValidators.js","statementMap":{"0":{"start":{"line":1,"column":33},"end":{"line":15,"column":2}},"1":{"start":{"line":1,"column":41},"end":{"line":15,"column":1}},"2":{"start":{"line":17,"column":40},"end":{"line":23,"column":2}},"3":{"start":{"line":17,"column":55},"end":{"line":23,"column":1}},"4":{"start":{"line":19,"column":4},"end":{"line":21,"column":5}},"5":{"start":{"line":20,"column":6},"end":{"line":20,"column":78}},"6":{"start":{"line":25,"column":37},"end":{"line":27,"column":2}},"7":{"start":{"line":25,"column":45},"end":{"line":27,"column":1}}},"fnMap":{"0":{"name":"(anonymous_0)","decl":{"start":{"line":1,"column":33},"end":{"line":1,"column":34}},"loc":{"start":{"line":1,"column":41},"end":{"line":15,"column":1}},"line":1},"1":{"name":"(anonymous_1)","decl":{"start":{"line":17,"column":40},"end":{"line":17,"column":41}},"loc":{"start":{"line":17,"column":55},"end":{"line":23,"column":1}},"line":17},"2":{"name":"(anonymous_2)","decl":{"start":{"line":18,"column":12},"end":{"line":18,"column":13}},"loc":{"start":{"line":18,"column":23},"end":{"line":22,"column":3}},"line":18},"3":{"name":"(anonymous_3)","decl":{"start":{"line":25,"column":37},"end":{"line":25,"column":38}},"loc":{"start":{"line":25,"column":45},"end":{"line":27,"column":1}},"line":25}},"branchMap":{"0":{"loc":{"start":{"line":19,"column":4},"end":{"line":21,"column":5}},"type":"if","locations":[{"start":{"line":19,"column":4},"end":{"line":21,"column":5}},{"start":{},"end":{}}],"line":19},"1":{"loc":{"start":{"line":20,"column":13},"end":{"line":20,"column":77}},"type":"binary-expr","locations":[{"start":{"line":20,"column":13},"end":{"line":20,"column":40}},{"start":{"line":20,"column":44},"end":{"line":20,"column":77}}],"line":20}},"s":{"0":0,"1":0,"2":0,"3":0,"4":0,"5":0,"6":0,"7":0},"f":{"0":0,"1":0,"2":0,"3":0},"b":{"0":[0,0],"1":[0,0]}}
,"C:\\Users\\sngomez\\OneDrive\\Pruebas_Tecnicas\\openbank-test\\src\\components\\passwordManager\\helpers\\index.js": {"path":"C:\\Users\\sngomez\\OneDrive\\Pruebas_Tecnicas\\openbank-test\\src\\components\\passwordManager\\helpers\\index.js","statementMap":{},"fnMap":{},"branchMap":{},"s":{},"f":{},"b":{}}
,"C:\\Users\\sngomez\\OneDrive\\Pruebas_Tecnicas\\openbank-test\\src\\components\\passwordManager\\hooks\\useSubmitPasswordMutation.tsx": {"path":"C:\\Users\\sngomez\\OneDrive\\Pruebas_Tecnicas\\openbank-test\\src\\components\\passwordManager\\hooks\\useSubmitPasswordMutation.tsx","statementMap":{"0":{"start":{"line":8,"column":41},"end":{"line":31,"column":1}},"1":{"start":{"line":9,"column":19},"end":{"line":9,"column":32}},"2":{"start":{"line":10,"column":19},"end":{"line":10,"column":32}},"3":{"start":{"line":12,"column":33},"end":{"line":25,"column":3}},"4":{"start":{"line":13,"column":4},"end":{"line":24,"column":8}},"5":{"start":{"line":15,"column":8},"end":{"line":17,"column":32}},"6":{"start":{"line":20,"column":8},"end":{"line":23,"column":32}},"7":{"start":{"line":27,"column":2},"end":{"line":30,"column":4}}},"fnMap":{"0":{"name":"(anonymous_0)","decl":{"start":{"line":8,"column":41},"end":{"line":8,"column":42}},"loc":{"start":{"line":8,"column":47},"end":{"line":31,"column":1}},"line":8},"1":{"name":"(anonymous_1)","decl":{"start":{"line":12,"column":45},"end":{"line":12,"column":46}},"loc":{"start":{"line":13,"column":4},"end":{"line":24,"column":8}},"line":13},"2":{"name":"(anonymous_2)","decl":{"start":{"line":14,"column":12},"end":{"line":14,"column":13}},"loc":{"start":{"line":14,"column":38},"end":{"line":18,"column":7}},"line":14},"3":{"name":"(anonymous_3)","decl":{"start":{"line":19,"column":13},"end":{"line":19,"column":14}},"loc":{"start":{"line":19,"column":44},"end":{"line":24,"column":7}},"line":19}},"branchMap":{"0":{"loc":{"start":{"line":15,"column":8},"end":{"line":17,"column":31}},"type":"binary-expr","locations":[{"start":{"line":15,"column":8},"end":{"line":15,"column":31}},{"start":{"line":16,"column":10},"end":{"line":16,"column":35}},{"start":{"line":17,"column":10},"end":{"line":17,"column":31}}],"line":15},"1":{"loc":{"start":{"line":20,"column":8},"end":{"line":23,"column":31}},"type":"binary-expr","locations":[{"start":{"line":20,"column":8},"end":{"line":20,"column":28}},{"start":{"line":21,"column":10},"end":{"line":21,"column":35}},{"start":{"line":22,"column":10},"end":{"line":22,"column":38}},{"start":{"line":23,"column":10},"end":{"line":23,"column":31}}],"line":20}},"s":{"0":0,"1":0,"2":0,"3":0,"4":0,"5":0,"6":0,"7":0},"f":{"0":0,"1":0,"2":0,"3":0},"b":{"0":[0,0,0],"1":[0,0,0,0]}}
,"C:\\Users\\sngomez\\OneDrive\\Pruebas_Tecnicas\\openbank-test\\src\\components\\passwordManager\\steps\\index.js": {"path":"C:\\Users\\sngomez\\OneDrive\\Pruebas_Tecnicas\\openbank-test\\src\\components\\passwordManager\\steps\\index.js","statementMap":{},"fnMap":{},"branchMap":{},"s":{},"f":{},"b":{}}
,"C:\\Users\\sngomez\\OneDrive\\Pruebas_Tecnicas\\openbank-test\\src\\components\\passwordManager\\steps\\step1\\TermsAndConditionsCheckbox.tsx": {"path":"C:\\Users\\sngomez\\OneDrive\\Pruebas_Tecnicas\\openbank-test\\src\\components\\passwordManager\\steps\\step1\\TermsAndConditionsCheckbox.tsx","statementMap":{"0":{"start":{"line":19,"column":42},"end":{"line":65,"column":1}},"1":{"start":{"line":21,"column":4},"end":{"line":21,"column":28}},"2":{"start":{"line":22,"column":16},"end":{"line":22,"column":45}},"3":{"start":{"line":24,"column":2},"end":{"line":64,"column":4}},"4":{"start":{"line":33,"column":29},"end":{"line":33,"column":75}}},"fnMap":{"0":{"name":"(anonymous_0)","decl":{"start":{"line":19,"column":42},"end":{"line":19,"column":43}},"loc":{"start":{"line":19,"column":88},"end":{"line":65,"column":1}},"line":19},"1":{"name":"(anonymous_1)","decl":{"start":{"line":33,"column":22},"end":{"line":33,"column":23}},"loc":{"start":{"line":33,"column":29},"end":{"line":33,"column":75}},"line":33}},"branchMap":{},"s":{"0":0,"1":0,"2":0,"3":0,"4":0},"f":{"0":0,"1":0},"b":{}}
,"C:\\Users\\sngomez\\OneDrive\\Pruebas_Tecnicas\\openbank-test\\src\\components\\passwordManager\\steps\\step1\\index.ts": {"path":"C:\\Users\\sngomez\\OneDrive\\Pruebas_Tecnicas\\openbank-test\\src\\components\\passwordManager\\steps\\step1\\index.ts","statementMap":{},"fnMap":{},"branchMap":{},"s":{},"f":{},"b":{}}
,"C:\\Users\\sngomez\\OneDrive\\Pruebas_Tecnicas\\openbank-test\\src\\components\\passwordManager\\steps\\step2\\Form.tsx": {"path":"C:\\Users\\sngomez\\OneDrive\\Pruebas_Tecnicas\\openbank-test\\src\\components\\passwordManager\\steps\\step2\\Form.tsx","statementMap":{"0":{"start":{"line":38,"column":20},"end":{"line":147,"column":1}},"1":{"start":{"line":39,"column":19},"end":{"line":39,"column":32}},"2":{"start":{"line":40,"column":19},"end":{"line":40,"column":32}},"3":{"start":{"line":41,"column":48},"end":{"line":41,"column":75}},"4":{"start":{"line":48,"column":6},"end":{"line":48,"column":25}},"5":{"start":{"line":50,"column":16},"end":{"line":50,"column":45}},"6":{"start":{"line":52,"column":19},"end":{"line":58,"column":3}},"7":{"start":{"line":54,"column":6},"end":{"line":54,"column":37}},"8":{"start":{"line":55,"column":6},"end":{"line":55,"column":51}},"9":{"start":{"line":60,"column":29},"end":{"line":64,"column":26}},"10":{"start":{"line":61,"column":4},"end":{"line":61,"column":30}},"11":{"start":{"line":62,"column":4},"end":{"line":62,"column":37}},"12":{"start":{"line":63,"column":4},"end":{"line":63,"column":18}},"13":{"start":{"line":66,"column":2},"end":{"line":146,"column":4}}},"fnMap":{"0":{"name":"(anonymous_0)","decl":{"start":{"line":38,"column":20},"end":{"line":38,"column":21}},"loc":{"start":{"line":38,"column":26},"end":{"line":147,"column":1}},"line":38},"1":{"name":"(anonymous_1)","decl":{"start":{"line":53,"column":4},"end":{"line":53,"column":5}},"loc":{"start":{"line":53,"column":24},"end":{"line":56,"column":5}},"line":53},"2":{"name":"(anonymous_2)","decl":{"start":{"line":60,"column":41},"end":{"line":60,"column":42}},"loc":{"start":{"line":60,"column":47},"end":{"line":64,"column":3}},"line":60}},"branchMap":{"0":{"loc":{"start":{"line":86,"column":14},"end":{"line":88,"column":22}},"type":"cond-expr","locations":[{"start":{"line":87,"column":16},"end":{"line":87,"column":60}},{"start":{"line":88,"column":18},"end":{"line":88,"column":22}}],"line":86},"1":{"loc":{"start":{"line":106,"column":14},"end":{"line":106,"column":80}},"type":"cond-expr","locations":[{"start":{"line":106,"column":31},"end":{"line":106,"column":73}},{"start":{"line":106,"column":76},"end":{"line":106,"column":80}}],"line":106},"2":{"loc":{"start":{"line":138,"column":12},"end":{"line":140,"column":20}},"type":"cond-expr","locations":[{"start":{"line":139,"column":14},"end":{"line":139,"column":63}},{"start":{"line":140,"column":16},"end":{"line":140,"column":20}}],"line":138}},"s":{"0":0,"1":0,"2":0,"3":0,"4":0,"5":0,"6":0,"7":0,"8":0,"9":0,"10":0,"11":0,"12":0,"13":0},"f":{"0":0,"1":0,"2":0},"b":{"0":[0,0],"1":[0,0],"2":[0,0]}}
,"C:\\Users\\sngomez\\OneDrive\\Pruebas_Tecnicas\\openbank-test\\src\\components\\passwordManager\\steps\\step2\\index.ts": {"path":"C:\\Users\\sngomez\\OneDrive\\Pruebas_Tecnicas\\openbank-test\\src\\components\\passwordManager\\steps\\step2\\index.ts","statementMap":{},"fnMap":{},"branchMap":{},"s":{},"f":{},"b":{}}
,"C:\\Users\\sngomez\\OneDrive\\Pruebas_Tecnicas\\openbank-test\\src\\components\\passwordManager\\steps\\step3\\CardContainer.tsx": {"path":"C:\\Users\\sngomez\\OneDrive\\Pruebas_Tecnicas\\openbank-test\\src\\components\\passwordManager\\steps\\step3\\CardContainer.tsx","statementMap":{"0":{"start":{"line":24,"column":29},"end":{"line":70,"column":1}},"1":{"start":{"line":25,"column":19},"end":{"line":25,"column":32}},"2":{"start":{"line":26,"column":19},"end":{"line":26,"column":32}},"3":{"start":{"line":27,"column":16},"end":{"line":27,"column":45}},"4":{"start":{"line":29,"column":29},"end":{"line":33,"column":26}},"5":{"start":{"line":30,"column":4},"end":{"line":30,"column":37}},"6":{"start":{"line":31,"column":4},"end":{"line":31,"column":27}},"7":{"start":{"line":32,"column":4},"end":{"line":32,"column":18}},"8":{"start":{"line":35,"column":2},"end":{"line":69,"column":4}}},"fnMap":{"0":{"name":"(anonymous_0)","decl":{"start":{"line":24,"column":29},"end":{"line":24,"column":30}},"loc":{"start":{"line":24,"column":64},"end":{"line":70,"column":1}},"line":24},"1":{"name":"(anonymous_1)","decl":{"start":{"line":29,"column":41},"end":{"line":29,"column":42}},"loc":{"start":{"line":29,"column":47},"end":{"line":33,"column":3}},"line":29}},"branchMap":{"0":{"loc":{"start":{"line":41,"column":10},"end":{"line":45,"column":11}},"type":"cond-expr","locations":[{"start":{"line":42,"column":12},"end":{"line":42,"column":70}},{"start":{"line":44,"column":12},"end":{"line":44,"column":67}}],"line":41},"1":{"loc":{"start":{"line":48,"column":10},"end":{"line":52,"column":11}},"type":"cond-expr","locations":[{"start":{"line":49,"column":12},"end":{"line":49,"column":66}},{"start":{"line":51,"column":12},"end":{"line":51,"column":66}}],"line":48},"2":{"loc":{"start":{"line":55,"column":10},"end":{"line":59,"column":11}},"type":"cond-expr","locations":[{"start":{"line":56,"column":12},"end":{"line":56,"column":43}},{"start":{"line":58,"column":12},"end":{"line":58,"column":43}}],"line":55},"3":{"loc":{"start":{"line":65,"column":11},"end":{"line":65,"column":60}},"type":"cond-expr","locations":[{"start":{"line":65,"column":19},"end":{"line":65,"column":38}},{"start":{"line":65,"column":41},"end":{"line":65,"column":60}}],"line":65}},"s":{"0":0,"1":0,"2":0,"3":0,"4":0,"5":0,"6":0,"7":0,"8":0},"f":{"0":0,"1":0},"b":{"0":[0,0],"1":[0,0],"2":[0,0],"3":[0,0]}}
,"C:\\Users\\sngomez\\OneDrive\\Pruebas_Tecnicas\\openbank-test\\src\\components\\passwordManager\\steps\\step3\\index.ts": {"path":"C:\\Users\\sngomez\\OneDrive\\Pruebas_Tecnicas\\openbank-test\\src\\components\\passwordManager\\steps\\step3\\index.ts","statementMap":{},"fnMap":{},"branchMap":{},"s":{},"f":{},"b":{}}
,"C:\\Users\\sngomez\\OneDrive\\Pruebas_Tecnicas\\openbank-test\\src\\redux\\features\\passwordManagerSlice.ts": {"path":"C:\\Users\\sngomez\\OneDrive\\Pruebas_Tecnicas\\openbank-test\\src\\redux\\features\\passwordManagerSlice.ts","statementMap":{"0":{"start":{"line":12,"column":43},"end":{"line":19,"column":1}},"1":{"start":{"line":21,"column":36},"end":{"line":46,"column":2}},"2":{"start":{"line":26,"column":6},"end":{"line":26,"column":30}},"3":{"start":{"line":29,"column":6},"end":{"line":29,"column":30}},"4":{"start":{"line":32,"column":6},"end":{"line":32,"column":29}},"5":{"start":{"line":35,"column":6},"end":{"line":35,"column":49}},"6":{"start":{"line":36,"column":6},"end":{"line":36,"column":74}},"7":{"start":{"line":39,"column":6},"end":{"line":39,"column":50}},"8":{"start":{"line":40,"column":6},"end":{"line":40,"column":41}},"9":{"start":{"line":43,"column":6},"end":{"line":43,"column":33}},"10":{"start":{"line":55,"column":4},"end":{"line":55,"column":32}}},"fnMap":{"0":{"name":"(anonymous_0)","decl":{"start":{"line":25,"column":19},"end":{"line":25,"column":20}},"loc":{"start":{"line":25,"column":30},"end":{"line":27,"column":5}},"line":25},"1":{"name":"(anonymous_1)","decl":{"start":{"line":28,"column":19},"end":{"line":28,"column":20}},"loc":{"start":{"line":28,"column":30},"end":{"line":30,"column":5}},"line":28},"2":{"name":"(anonymous_2)","decl":{"start":{"line":31,"column":16},"end":{"line":31,"column":17}},"loc":{"start":{"line":31,"column":27},"end":{"line":33,"column":5}},"line":31},"3":{"name":"(anonymous_3)","decl":{"start":{"line":34,"column":24},"end":{"line":34,"column":25}},"loc":{"start":{"line":34,"column":35},"end":{"line":37,"column":5}},"line":34},"4":{"name":"(anonymous_4)","decl":{"start":{"line":38,"column":26},"end":{"line":38,"column":27}},"loc":{"start":{"line":38,"column":37},"end":{"line":41,"column":5}},"line":38},"5":{"name":"(anonymous_5)","decl":{"start":{"line":42,"column":22},"end":{"line":42,"column":23}},"loc":{"start":{"line":42,"column":33},"end":{"line":44,"column":5}},"line":42}},"branchMap":{},"s":{"0":0,"1":0,"2":0,"3":0,"4":0,"5":0,"6":0,"7":0,"8":0,"9":0,"10":0},"f":{"0":0,"1":0,"2":0,"3":0,"4":0,"5":0},"b":{}}
,"C:\\Users\\sngomez\\OneDrive\\Pruebas_Tecnicas\\openbank-test\\src\\views\\index.ts": {"path":"C:\\Users\\sngomez\\OneDrive\\Pruebas_Tecnicas\\openbank-test\\src\\views\\index.ts","statementMap":{},"fnMap":{},"branchMap":{},"s":{},"f":{},"b":{}}
,"C:\\Users\\sngomez\\OneDrive\\Pruebas_Tecnicas\\openbank-test\\src\\views\\errors\\index.ts": {"path":"C:\\Users\\sngomez\\OneDrive\\Pruebas_Tecnicas\\openbank-test\\src\\views\\errors\\index.ts","statementMap":{},"fnMap":{},"branchMap":{},"s":{},"f":{},"b":{}}
,"C:\\Users\\sngomez\\OneDrive\\Pruebas_Tecnicas\\openbank-test\\src\\views\\errors\\Error404\\Error404.tsx": {"path":"C:\\Users\\sngomez\\OneDrive\\Pruebas_Tecnicas\\openbank-test\\src\\views\\errors\\Error404\\Error404.tsx","statementMap":{"0":{"start":{"line":16,"column":24},"end":{"line":41,"column":1}},"1":{"start":{"line":17,"column":19},"end":{"line":17,"column":32}},"2":{"start":{"line":18,"column":19},"end":{"line":18,"column":32}},"3":{"start":{"line":19,"column":16},"end":{"line":19,"column":45}},"4":{"start":{"line":20,"column":29},"end":{"line":23,"column":26}},"5":{"start":{"line":21,"column":4},"end":{"line":21,"column":27}},"6":{"start":{"line":22,"column":4},"end":{"line":22,"column":18}},"7":{"start":{"line":24,"column":2},"end":{"line":40,"column":4}}},"fnMap":{"0":{"name":"(anonymous_0)","decl":{"start":{"line":16,"column":24},"end":{"line":16,"column":25}},"loc":{"start":{"line":16,"column":30},"end":{"line":41,"column":1}},"line":16},"1":{"name":"(anonymous_1)","decl":{"start":{"line":20,"column":41},"end":{"line":20,"column":42}},"loc":{"start":{"line":20,"column":47},"end":{"line":23,"column":3}},"line":20}},"branchMap":{},"s":{"0":0,"1":0,"2":0,"3":0,"4":0,"5":0,"6":0,"7":0},"f":{"0":0,"1":0},"b":{}}
,"C:\\Users\\sngomez\\OneDrive\\Pruebas_Tecnicas\\openbank-test\\src\\views\\passwordManager\\PasswordManager.tsx": {"path":"C:\\Users\\sngomez\\OneDrive\\Pruebas_Tecnicas\\openbank-test\\src\\views\\passwordManager\\PasswordManager.tsx","statementMap":{"0":{"start":{"line":7,"column":31},"end":{"line":16,"column":1}},"1":{"start":{"line":8,"column":2},"end":{"line":15,"column":4}}},"fnMap":{"0":{"name":"(anonymous_0)","decl":{"start":{"line":7,"column":31},"end":{"line":7,"column":32}},"loc":{"start":{"line":7,"column":37},"end":{"line":16,"column":1}},"line":7}},"branchMap":{},"s":{"0":0,"1":0},"f":{"0":0},"b":{}}
,"C:\\Users\\sngomez\\OneDrive\\Pruebas_Tecnicas\\openbank-test\\src\\views\\passwordManager\\index.ts": {"path":"C:\\Users\\sngomez\\OneDrive\\Pruebas_Tecnicas\\openbank-test\\src\\views\\passwordManager\\index.ts","statementMap":{},"fnMap":{},"branchMap":{},"s":{},"f":{},"b":{}}
,"C:\\Users\\sngomez\\OneDrive\\Pruebas_Tecnicas\\openbank-test\\src\\views\\passwordManager\\Step1\\Step1.tsx": {"path":"C:\\Users\\sngomez\\OneDrive\\Pruebas_Tecnicas\\openbank-test\\src\\views\\passwordManager\\Step1\\Step1.tsx","statementMap":{"0":{"start":{"line":12,"column":21},"end":{"line":34,"column":1}},"1":{"start":{"line":13,"column":16},"end":{"line":13,"column":45}},"2":{"start":{"line":14,"column":19},"end":{"line":14,"column":32}},"3":{"start":{"line":15,"column":19},"end":{"line":15,"column":32}},"4":{"start":{"line":17,"column":25},"end":{"line":21,"column":26}},"5":{"start":{"line":18,"column":4},"end":{"line":18,"column":30}},"6":{"start":{"line":19,"column":4},"end":{"line":19,"column":35}},"7":{"start":{"line":20,"column":4},"end":{"line":20,"column":33}},"8":{"start":{"line":23,"column":2},"end":{"line":33,"column":4}}},"fnMap":{"0":{"name":"(anonymous_0)","decl":{"start":{"line":12,"column":21},"end":{"line":12,"column":22}},"loc":{"start":{"line":12,"column":27},"end":{"line":34,"column":1}},"line":12},"1":{"name":"(anonymous_1)","decl":{"start":{"line":17,"column":37},"end":{"line":17,"column":38}},"loc":{"start":{"line":17,"column":43},"end":{"line":21,"column":3}},"line":17}},"branchMap":{},"s":{"0":0,"1":0,"2":0,"3":0,"4":0,"5":0,"6":0,"7":0,"8":0},"f":{"0":0,"1":0},"b":{}}
,"C:\\Users\\sngomez\\OneDrive\\Pruebas_Tecnicas\\openbank-test\\src\\views\\passwordManager\\Step2\\Step2.tsx": {"path":"C:\\Users\\sngomez\\OneDrive\\Pruebas_Tecnicas\\openbank-test\\src\\views\\passwordManager\\Step2\\Step2.tsx","statementMap":{"0":{"start":{"line":9,"column":21},"end":{"line":27,"column":1}},"1":{"start":{"line":10,"column":16},"end":{"line":10,"column":45}},"2":{"start":{"line":11,"column":32},"end":{"line":13,"column":3}},"3":{"start":{"line":12,"column":26},"end":{"line":12,"column":77}},"4":{"start":{"line":15,"column":2},"end":{"line":26,"column":4}}},"fnMap":{"0":{"name":"(anonymous_0)","decl":{"start":{"line":9,"column":21},"end":{"line":9,"column":22}},"loc":{"start":{"line":9,"column":27},"end":{"line":27,"column":1}},"line":9},"1":{"name":"(anonymous_1)","decl":{"start":{"line":12,"column":4},"end":{"line":12,"column":5}},"loc":{"start":{"line":12,"column":26},"end":{"line":12,"column":77}},"line":12}},"branchMap":{"0":{"loc":{"start":{"line":17,"column":7},"end":{"line":24,"column":7}},"type":"cond-expr","locations":[{"start":{"line":18,"column":8},"end":{"line":18,"column":35}},{"start":{"line":20,"column":8},"end":{"line":23,"column":14}}],"line":17}},"s":{"0":0,"1":0,"2":0,"3":0,"4":0},"f":{"0":0,"1":0},"b":{"0":[0,0]}}
,"C:\\Users\\sngomez\\OneDrive\\Pruebas_Tecnicas\\openbank-test\\src\\views\\passwordManager\\Step3\\Step3.tsx": {"path":"C:\\Users\\sngomez\\OneDrive\\Pruebas_Tecnicas\\openbank-test\\src\\views\\passwordManager\\Step3\\Step3.tsx","statementMap":{"0":{"start":{"line":8,"column":21},"end":{"line":24,"column":1}},"1":{"start":{"line":9,"column":16},"end":{"line":9,"column":86}},"2":{"start":{"line":9,"column":50},"end":{"line":9,"column":85}},"3":{"start":{"line":10,"column":32},"end":{"line":12,"column":3}},"4":{"start":{"line":11,"column":26},"end":{"line":11,"column":77}},"5":{"start":{"line":13,"column":2},"end":{"line":23,"column":4}}},"fnMap":{"0":{"name":"(anonymous_0)","decl":{"start":{"line":8,"column":21},"end":{"line":8,"column":22}},"loc":{"start":{"line":8,"column":27},"end":{"line":24,"column":1}},"line":8},"1":{"name":"(anonymous_1)","decl":{"start":{"line":9,"column":28},"end":{"line":9,"column":29}},"loc":{"start":{"line":9,"column":50},"end":{"line":9,"column":85}},"line":9},"2":{"name":"(anonymous_2)","decl":{"start":{"line":11,"column":4},"end":{"line":11,"column":5}},"loc":{"start":{"line":11,"column":26},"end":{"line":11,"column":77}},"line":11}},"branchMap":{"0":{"loc":{"start":{"line":15,"column":7},"end":{"line":21,"column":7}},"type":"cond-expr","locations":[{"start":{"line":16,"column":8},"end":{"line":16,"column":35}},{"start":{"line":18,"column":8},"end":{"line":20,"column":14}}],"line":15}},"s":{"0":0,"1":0,"2":0,"3":0,"4":0,"5":0},"f":{"0":0,"1":0,"2":0},"b":{"0":[0,0]}}
}
