TN:
SF:src\App.tsx
FN:21,(anonymous_0)
FNF:1
FNH:1
FNDA:2,(anonymous_0)
DA:19,1
DA:21,1
DA:22,2
LF:3
LH:3
BRF:0
BRH:0
end_of_record
TN:
SF:src\components\index.js
FNF:0
FNH:0
LF:0
LH:0
BRF:0
BRH:0
end_of_record
TN:
SF:src\components\common\index.js
FNF:0
FNH:0
LF:0
LH:0
BRF:0
BRH:0
end_of_record
TN:
SF:src\components\common\Layout\Layout.tsx
FN:8,(anonymous_0)
FNF:1
FNH:1
FNDA:4,(anonymous_0)
DA:8,2
DA:9,4
LF:2
LH:2
BRF:0
BRH:0
end_of_record
TN:
SF:src\components\common\Layout\index.js
FNF:0
FNH:0
LF:0
LH:0
BRF:0
BRH:0
end_of_record
TN:
SF:src\components\common\buttonBox\ButtonBox.tsx
FN:18,(anonymous_0)
FNF:1
FNH:1
FNDA:18,(anonymous_0)
DA:18,4
DA:19,18
DA:21,18
LF:3
LH:3
BRF:0
BRH:0
end_of_record
TN:
SF:src\components\common\buttonBox\index.js
FNF:0
FNH:0
LF:0
LH:0
BRF:0
BRH:0
end_of_record
TN:
SF:src\components\passwordManager\index.js
FNF:0
FNH:0
LF:0
LH:0
BRF:0
BRH:0
end_of_record
TN:
SF:src\components\passwordManager\Header\Header.tsx
FN:12,(anonymous_0)
FN:13,(anonymous_1)
FNF:2
FNH:2
FNDA:5,(anonymous_0)
FNDA:5,(anonymous_1)
DA:12,2
DA:13,5
DA:15,5
LF:3
LH:3
BRF:0
BRH:0
end_of_record
TN:
SF:src\components\passwordManager\Header\index.ts
FNF:0
FNH:0
LF:0
LH:0
BRF:0
BRH:0
end_of_record
TN:
SF:src\components\passwordManager\helpers\formValidators.js
FN:1,(anonymous_0)
FN:17,(anonymous_1)
FN:18,(anonymous_2)
FN:25,(anonymous_3)
FNF:4
FNH:4
FNDA:15,(anonymous_0)
FNDA:14,(anonymous_1)
FNDA:4,(anonymous_2)
FNDA:15,(anonymous_3)
DA:1,15
DA:17,14
DA:19,4
DA:20,2
DA:25,15
LF:5
LH:5
BRDA:19,0,0,2
BRDA:19,0,1,2
BRDA:20,1,0,2
BRDA:20,1,1,2
BRF:4
BRH:4
end_of_record
TN:
SF:src\components\passwordManager\helpers\index.js
FNF:0
FNH:0
LF:0
LH:0
BRF:0
BRH:0
end_of_record
TN:
SF:src\components\passwordManager\hooks\useSubmitPasswordMutation.tsx
FN:8,(anonymous_0)
FN:12,(anonymous_1)
FN:14,(anonymous_2)
FN:19,(anonymous_3)
FNF:4
FNH:2
FNDA:17,(anonymous_0)
FNDA:1,(anonymous_1)
FNDA:0,(anonymous_2)
FNDA:0,(anonymous_3)
DA:8,4
DA:9,17
DA:10,17
DA:12,17
DA:13,1
DA:15,0
DA:20,0
DA:27,17
LF:8
LH:6
BRDA:15,0,0,0
BRDA:15,0,1,0
BRDA:15,0,2,0
BRDA:20,1,0,0
BRDA:20,1,1,0
BRDA:20,1,2,0
BRDA:20,1,3,0
BRF:7
BRH:0
end_of_record
TN:
SF:src\components\passwordManager\steps\index.js
FNF:0
FNH:0
LF:0
LH:0
BRF:0
BRH:0
end_of_record
TN:
SF:src\components\passwordManager\steps\step1\TermsAndConditionsCheckbox.tsx
FN:19,(anonymous_0)
FN:33,(anonymous_1)
FNF:2
FNH:2
FNDA:16,(anonymous_0)
FNDA:4,(anonymous_1)
DA:19,3
DA:21,16
DA:22,16
DA:24,16
DA:33,4
LF:5
LH:5
BRF:0
BRH:0
end_of_record
TN:
SF:src\components\passwordManager\steps\step1\index.ts
FNF:0
FNH:0
LF:0
LH:0
BRF:0
BRH:0
end_of_record
TN:
SF:src\components\passwordManager\steps\step2\Form.tsx
FN:38,(anonymous_0)
FN:53,(anonymous_1)
FN:60,(anonymous_2)
FNF:3
FNH:1
FNDA:14,(anonymous_0)
FNDA:0,(anonymous_1)
FNDA:0,(anonymous_2)
DA:38,3
DA:39,14
DA:40,14
DA:41,14
DA:48,14
DA:50,14
DA:52,14
DA:54,0
DA:55,0
DA:60,14
DA:61,0
DA:62,0
DA:63,0
DA:66,14
LF:14
LH:9
BRDA:86,0,0,3
BRDA:86,0,1,11
BRDA:106,1,0,2
BRDA:106,1,1,12
BRDA:138,2,0,1
BRDA:138,2,1,13
BRF:6
BRH:6
end_of_record
TN:
SF:src\components\passwordManager\steps\step2\index.ts
FNF:0
FNH:0
LF:0
LH:0
BRF:0
BRH:0
end_of_record
TN:
SF:src\components\passwordManager\steps\step3\CardContainer.tsx
FN:24,(anonymous_0)
FN:29,(anonymous_1)
FNF:2
FNH:2
FNDA:9,(anonymous_0)
FNDA:1,(anonymous_1)
DA:24,3
DA:25,9
DA:26,9
DA:27,9
DA:29,9
DA:30,1
DA:31,1
DA:32,1
DA:35,9
LF:9
LH:9
BRDA:41,0,0,2
BRDA:41,0,1,7
BRDA:48,1,0,2
BRDA:48,1,1,7
BRDA:55,2,0,2
BRDA:55,2,1,7
BRDA:65,3,0,2
BRDA:65,3,1,7
BRF:8
BRH:8
end_of_record
TN:
SF:src\components\passwordManager\steps\step3\index.ts
FNF:0
FNH:0
LF:0
LH:0
BRF:0
BRH:0
end_of_record
TN:
SF:src\redux\features\passwordManagerSlice.ts
FN:25,(anonymous_0)
FN:28,(anonymous_1)
FN:31,(anonymous_2)
FN:34,(anonymous_3)
FN:38,(anonymous_4)
FN:42,(anonymous_5)
FNF:6
FNH:5
FNDA:2,(anonymous_0)
FNDA:1,(anonymous_1)
FNDA:3,(anonymous_2)
FNDA:1,(anonymous_3)
FNDA:1,(anonymous_4)
FNDA:0,(anonymous_5)
DA:12,13
DA:21,13
DA:26,2
DA:29,1
DA:32,3
DA:35,1
DA:36,1
DA:39,1
DA:40,1
DA:43,0
DA:55,13
LF:11
LH:10
BRF:0
BRH:0
end_of_record
TN:
SF:src\views\index.ts
FNF:0
FNH:0
LF:0
LH:0
BRF:0
BRH:0
end_of_record
TN:
SF:src\views\errors\index.ts
FNF:0
FNH:0
LF:0
LH:0
BRF:0
BRH:0
end_of_record
TN:
SF:src\views\errors\Error404\Error404.tsx
FN:16,(anonymous_0)
FN:20,(anonymous_1)
FNF:2
FNH:2
FNDA:5,(anonymous_0)
FNDA:1,(anonymous_1)
DA:16,2
DA:17,5
DA:18,5
DA:19,5
DA:20,5
DA:21,1
DA:22,1
DA:24,5
LF:8
LH:8
BRF:0
BRH:0
end_of_record
TN:
SF:src\views\passwordManager\PasswordManager.tsx
FN:7,(anonymous_0)
FNF:1
FNH:1
FNDA:2,(anonymous_0)
DA:7,1
DA:8,2
LF:2
LH:2
BRF:0
BRH:0
end_of_record
TN:
SF:src\views\passwordManager\index.ts
FNF:0
FNH:0
LF:0
LH:0
BRF:0
BRH:0
end_of_record
TN:
SF:src\views\passwordManager\Step1\Step1.tsx
FN:12,(anonymous_0)
FN:17,(anonymous_1)
FNF:2
FNH:2
FNDA:7,(anonymous_0)
FNDA:1,(anonymous_1)
DA:12,2
DA:13,7
DA:14,7
DA:15,7
DA:17,7
DA:18,1
DA:19,1
DA:20,1
DA:23,7
LF:9
LH:9
BRF:0
BRH:0
end_of_record
TN:
SF:src\views\passwordManager\Step2\Step2.tsx
FN:9,(anonymous_0)
FN:12,(anonymous_1)
FNF:2
FNH:2
FNDA:4,(anonymous_0)
FNDA:4,(anonymous_1)
DA:9,2
DA:10,4
DA:11,4
DA:12,4
DA:15,4
LF:5
LH:5
BRDA:17,0,0,0
BRDA:17,0,1,4
BRF:2
BRH:1
end_of_record
TN:
SF:src\views\passwordManager\Step3\Step3.tsx
FN:8,(anonymous_0)
FN:9,(anonymous_1)
FN:11,(anonymous_2)
FNF:3
FNH:3
FNDA:4,(anonymous_0)
FNDA:4,(anonymous_1)
FNDA:4,(anonymous_2)
DA:8,2
DA:9,4
DA:10,4
DA:11,4
DA:13,4
LF:5
LH:5
BRDA:15,0,0,0
BRDA:15,0,1,4
BRF:2
BRH:1
end_of_record
